2023-06-24 18:26:23 /Users/Verano/Applications/MarkEditor/_cache/images/6dc8d747bba909fbe7b78ca3e26ccf01/webp-jpg-1560-None.webp

2023-06-24 18:26:25 /Users/Verano/Applications/MarkEditor/_cache/images/9cd5ce2dc9f6458c80f97641495f8f40/webp-jpg-600-None.webp

2023-06-24 18:26:26 /Users/Verano/Applications/MarkEditor/_cache/images/5128a9ee027d53764adba5a5f2c1d539/webp-jpg-600-None.webp

2023-06-24 18:26:27 /Users/Verano/Applications/MarkEditor/_cache/images/fdb24883dccc46477fc2a52f073fd96c/webp-jpg-600-None.webp

2023-06-24 18:26:30 /Users/Verano/Applications/MarkEditor/_cache/images/7f95f57268be930f2527214f3eb90754/webp-jpg-600-None.webp

2023-06-24 18:26:31 /Users/Verano/Applications/MarkEditor/_cache/images/7a536ff7b376e6cbeb45cd2b4da91365/webp-jpg-600-None.webp

2023-06-24 18:26:35 /Users/Verano/Applications/MarkEditor/_cache/images/151687ec75849c078870fdbc2fdfb8d3/webp-jpg-600-None.webp

2023-06-24 18:26:36 /Users/Verano/Applications/MarkEditor/_cache/images/b72a8393d9af4267e1780eb6dadf1722/webp-jpg-600-None.webp

2023-06-24 18:26:37 /Users/Verano/Applications/MarkEditor/_cache/images/8528edb83ff276e785ca2d9e4e56177f/webp-jpg-600-None.webp

2023-06-24 18:26:38 /Users/Verano/Applications/MarkEditor/_cache/images/fb85e46b19aca45d2aad633d7316caee/webp-jpg-600-None.webp

2023-06-24 18:26:40 /Users/Verano/Applications/MarkEditor/_cache/images/f5ae7cc7ede326589d2ff8bbfbee57bc/webp-jpg-600-None.webp

2023-06-24 18:26:46 /Users/Verano/Applications/MarkEditor/_cache/images/1f425dc61de7f60bb6e71650b5201539/webp-jpg-600-None.webp

2023-06-24 18:26:51 /Users/Verano/Applications/MarkEditor/_cache/images/614d3205089d8af0508d477deafa8098/webp-jpg-600-None.webp

2023-06-24 18:26:55 /Users/Verano/Applications/MarkEditor/_cache/images/60ed58659eb703c405bd414b015deafd/webp-jpg-600-None.webp

2023-06-24 18:26:57 /Users/Verano/Applications/MarkEditor/_cache/images/4ad886e826470436213797e04bdc0156/webp-jpg-600-None.webp

2023-06-24 18:27:02 /Users/Verano/Applications/MarkEditor/_cache/images/e4391ad891a7912bc562fc0efcff4ebb/webp-jpg-600-None.webp

2023-06-24 18:27:05 /Users/Verano/Applications/MarkEditor/_cache/images/1f425dc61de7f60bb6e71650b5201539/webp-jpg-1560-None.webp

2023-06-24 18:27:07 /Users/Verano/Applications/MarkEditor/_cache/images/e75a765352b1c8411ef28aa702a6fd02/webp-jpg-600-None.webp

2023-06-24 18:27:08 /Users/Verano/Applications/MarkEditor/_cache/images/0d5f873474804b0654bd464024698f32/webp-jpg-600-None.webp

2023-06-24 18:27:09 /Users/Verano/Applications/MarkEditor/_cache/images/db4c0a71d94dd0ee559c032d35bfb7fa/webp-jpg-600-None.webp

2023-06-24 18:27:10 /Users/Verano/Applications/MarkEditor/_cache/images/5a12e20c00fef4768d003ff89ac8c325/webp-jpg-600-None.webp

2023-06-24 18:27:11 /Users/Verano/Applications/MarkEditor/_cache/images/2bf81cbb16760ed0ccd680fad4cbff07/webp-jpg-600-None.webp

2023-06-24 18:27:12 /Users/Verano/Applications/MarkEditor/_cache/images/d2eb84ba3c6bd2c51068b1812c3e022d/webp-jpg-600-None.webp

2023-06-24 18:27:14 /Users/Verano/Applications/MarkEditor/_cache/images/380f43d3f07dc70f486da8d7a161d61c/webp-jpg-600-None.webp

2023-06-24 18:27:15 /Users/Verano/Applications/MarkEditor/_cache/images/b014b2c1fe1c5788fc696752aacb2480/webp-jpg-600-None.webp

2023-06-24 18:27:16 /Users/Verano/Applications/MarkEditor/_cache/images/dfa209510b6be0d826003946f559d20d/webp-jpg-600-None.webp

2023-06-24 18:27:17 /Users/Verano/Applications/MarkEditor/_cache/images/3dc73dca4909969da357f28d2d138a27/webp-jpg-600-None.webp

2023-06-24 18:27:18 /Users/Verano/Applications/MarkEditor/_cache/images/3f05301d526484f771db5902bd223423/webp-jpg-600-None.webp

2023-06-24 18:27:22 /Users/Verano/Applications/MarkEditor/_cache/images/be09f538e82a03b36121fb6fab9395e5/webp-jpg-600-None.webp

2023-06-24 18:27:25 /Users/Verano/Applications/MarkEditor/_cache/images/f704c7b61164c34df05f231e653639da/webp-jpg-600-None.webp

2023-06-24 18:27:27 /Users/Verano/Applications/MarkEditor/_cache/images/cea1ca9da4a81cbdc6fd2b2c6baf700a/webp-jpg-600-None.webp

2023-06-24 18:27:28 /Users/Verano/Applications/MarkEditor/_cache/images/e4bc4a0bad527b4449597b0c4147d28a/webp-jpg-600-None.webp

2023-06-24 18:27:29 /Users/Verano/Applications/MarkEditor/_cache/images/3b0536ecb866718c9c0148396fabc0e6/webp-jpg-600-None.webp

2023-06-24 18:27:30 /Users/Verano/Applications/MarkEditor/_cache/images/7d50245b37fb80a86815e44096f79539/webp-jpg-600-None.webp

2023-06-24 18:27:31 /Users/Verano/Applications/MarkEditor/_cache/images/786002c2f3d236a4faef870b58253916/webp-jpg-600-None.webp

2023-06-24 18:27:32 /Users/Verano/Applications/MarkEditor/_cache/images/8ffe52873b08e6162af2936237cdf814/webp-jpg-600-None.webp

2023-06-24 18:27:33 /Users/Verano/Applications/MarkEditor/_cache/images/3ff87384db98405be9c2682df516ba76/webp-jpg-600-None.webp

2023-06-24 18:27:34 /Users/Verano/Applications/MarkEditor/_cache/images/e723ef7b554b2b1345235ef518fd0205/webp-jpg-600-None.webp

2023-06-24 18:27:35 /Users/Verano/Applications/MarkEditor/_cache/images/9aa323d3e4e5c77db7105685b3ea50c4/webp-jpg-600-None.webp

2023-06-24 18:27:37 /Users/Verano/Applications/MarkEditor/_cache/images/ee0475ca076004c015402646c1ca8c32/webp-jpg-600-None.webp

2023-06-24 18:28:12 /Users/Verano/Applications/MarkEditor/_cache/images/0d5f873474804b0654bd464024698f32/webp-jpg-1560-None.webp

2023-06-24 18:28:13 /Users/Verano/Applications/MarkEditor/_cache/images/7a21cedd84cb5db924d0286057e4213c/webp-jpg-600-None.webp

2023-06-24 18:28:15 /Users/Verano/Applications/MarkEditor/_cache/images/5a12e20c00fef4768d003ff89ac8c325/webp-jpg-1560-None.webp

2023-06-24 18:28:17 /Users/Verano/Applications/MarkEditor/_cache/images/fe2528462dd76dc110603fa706d8f04e/webp-jpg-600-None.webp

2023-06-24 18:28:19 /Users/Verano/Applications/MarkEditor/_cache/images/e66edebe1d42d151f9d57e38c620980f/webp-jpg-600-None.webp

2023-06-24 18:28:23 /Users/Verano/Applications/MarkEditor/_cache/images/c88c32c43c3db124272e1d4734ec94b6/webp-jpg-600-None.webp

2023-06-24 18:28:24 /Users/Verano/Applications/MarkEditor/_cache/images/c38b3d6033f51c73488dc806eab4982d/webp-jpg-600-None.webp

2023-06-24 18:28:25 /Users/Verano/Applications/MarkEditor/_cache/images/7f47178d34d5abe8c35968aa6265149d/webp-jpg-600-None.webp

2023-06-24 18:28:26 /Users/Verano/Applications/MarkEditor/_cache/images/b78862bccc44b84e7794322a165dc2b6/webp-jpg-600-None.webp

2023-06-24 18:28:27 /Users/Verano/Applications/MarkEditor/_cache/images/63e38bc135bed52f9a27490529be4732/webp-jpg-600-None.webp

2023-06-24 18:28:31 /Users/Verano/Applications/MarkEditor/_cache/images/de12d66aa0e0ec501b64191c85170c64/webp-jpg-600-None.webp

2023-06-24 18:28:33 /Users/Verano/Applications/MarkEditor/_cache/images/3e6ad09d46204f44193605ad58ccc337/webp-jpg-600-None.webp

2023-06-24 18:28:34 /Users/Verano/Applications/MarkEditor/_cache/images/37f054d71e59eac78bb5ea2d81daad85/webp-jpg-600-None.webp

2023-06-24 18:28:35 /Users/Verano/Applications/MarkEditor/_cache/images/9f31428a0b969a0c60de94f6efe8bd0c/webp-jpg-600-None.webp

2023-06-24 18:28:36 /Users/Verano/Applications/MarkEditor/_cache/images/43e3a1323cb65f854a988a658a56455f/webp-jpg-600-None.webp

2023-06-24 18:28:38 /Users/Verano/Applications/MarkEditor/_cache/images/743c9f0d8e1af3ae85b1be39c9226b89/webp-jpg-600-None.webp

2023-06-24 18:28:39 /Users/Verano/Applications/MarkEditor/_cache/images/145a6e8021bb4c3ac6aa1cf0b96a2a22/webp-jpg-600-None.webp

2023-06-24 18:28:40 /Users/Verano/Applications/MarkEditor/_cache/images/f51a646f0eb418a56fe451a783c48f81/webp-jpg-600-None.webp

2023-06-24 18:28:42 /Users/Verano/Applications/MarkEditor/_cache/images/ab4c5e8545e47c6951457a690bd22c66/webp-jpg-600-None.webp

2023-06-24 18:28:43 /Users/Verano/Applications/MarkEditor/_cache/images/7b291ac0c4090a323dbcfbf5cba172a1/webp-jpg-600-None.webp

2023-06-24 18:28:45 /Users/Verano/Applications/MarkEditor/_cache/images/a365defd11c62e4e82b096f40cbe1d61/webp-jpg-600-None.webp

2023-06-24 18:28:46 /Users/Verano/Applications/MarkEditor/_cache/images/d95f8eb13ec918c4b046bc8af8d57dec/webp-jpg-600-None.webp

2023-06-24 18:28:49 /Users/Verano/Applications/MarkEditor/_cache/images/e4b3e96fb5d88a6bbd019f8370c812bd/webp-jpg-600-None.webp

2023-06-24 18:28:51 /Users/Verano/Applications/MarkEditor/_cache/images/014fd93ba4c768a7ce1b3eb76be57d15/webp-jpg-600-None.webp

2023-06-24 18:28:53 /Users/Verano/Applications/MarkEditor/_cache/images/a3b599113df148e4a1c2b76caa31f044/webp-jpg-600-None.webp

2023-06-24 18:28:54 /Users/Verano/Applications/MarkEditor/_cache/images/8701b912a91649d5a7a93c89874abdcb/webp-jpg-600-None.webp

2023-06-24 18:28:55 /Users/Verano/Applications/MarkEditor/_cache/images/c6c5a841615363c91f16f17ef4d479ac/webp-jpg-600-None.webp

2023-06-24 18:28:57 /Users/Verano/Applications/MarkEditor/_cache/images/9da04abb7be3ea02e607f6f54d3023da/webp-jpg-600-None.webp

2023-06-24 18:28:58 /Users/Verano/Applications/MarkEditor/_cache/images/63c409227c1d5055d4db730a58044549/webp-jpg-600-None.webp

2023-06-24 18:28:59 /Users/Verano/Applications/MarkEditor/_cache/images/97fee97d82812580c259128afd547c97/webp-jpg-600-None.webp

2023-06-24 18:29:02 /Users/Verano/Applications/MarkEditor/_cache/images/c67870c51f93908424748bd71d3f1860/webp-jpg-600-None.webp

2023-06-24 18:29:04 /Users/Verano/Applications/MarkEditor/_cache/images/07189c3d0f9a72684709931450b0fc32/webp-jpg-600-None.webp

2023-06-24 18:29:05 /Users/Verano/Applications/MarkEditor/_cache/images/a243c24a832edd687923fa30d9f6d704/webp-jpg-600-None.webp

2023-06-24 18:29:06 /Users/Verano/Applications/MarkEditor/_cache/images/26ebfd5616c5622628cefd18aa5c679b/webp-jpg-600-None.webp

2023-06-24 18:29:08 /Users/Verano/Applications/MarkEditor/_cache/images/6392661ff8e7f746c840262958e70762/webp-jpg-600-None.webp

2023-06-24 18:29:10 /Users/Verano/Applications/MarkEditor/_cache/images/01fc264d2de39f1a9aa28b9f400a935d/webp-jpg-600-None.webp

2023-06-24 18:29:11 /Users/Verano/Applications/MarkEditor/_cache/images/afa39c08af869418063cb218938929a4/webp-jpg-600-None.webp

2023-06-24 18:29:13 /Users/Verano/Applications/MarkEditor/_cache/images/11f628629c7bac91bee5db12339e0f2c/webp-jpg-600-None.webp

2023-06-24 18:29:15 /Users/Verano/Applications/MarkEditor/_cache/images/2e882c1e227fe004aef83a7a0583cff6/webp-jpg-600-None.webp

2023-06-24 18:29:17 /Users/Verano/Applications/MarkEditor/_cache/images/a5c0ced2c1268e7fb6b0abebe00a89b7/webp-jpg-600-None.webp

2023-06-24 18:29:19 /Users/Verano/Applications/MarkEditor/_cache/images/2ab6345a8a0c1b390ed1f4f6316f4bd3/webp-jpg-600-None.webp

2023-06-24 18:29:20 /Users/Verano/Applications/MarkEditor/_cache/images/710e1e34596f1b0589968650213dd917/webp-jpg-600-None.webp

2023-06-24 18:29:22 /Users/Verano/Applications/MarkEditor/_cache/images/f13acd65d82db10eea77d26694f5ffb0/webp-jpg-600-None.webp

2023-06-24 18:29:23 /Users/Verano/Applications/MarkEditor/_cache/images/9be20749ffca27ee0b24ee7988aa2fe6/webp-jpg-600-None.webp

2023-06-24 18:29:26 /Users/Verano/Applications/MarkEditor/_cache/images/963da644a88b71fca72d56fe152c59a2/webp-jpg-600-None.webp

2023-06-24 18:29:29 /Users/Verano/Applications/MarkEditor/_cache/images/d5f3a6f21e49a0f0fc8ba97a680da1e5/webp-jpg-600-None.webp

2023-06-24 18:29:30 /Users/Verano/Applications/MarkEditor/_cache/images/9b173f7f78137a279cd92d7f66e8b130/webp-jpg-600-None.webp

2023-06-24 18:29:32 /Users/Verano/Applications/MarkEditor/_cache/images/3cf4f2fbd9a20a7869eab2b33630d77d/webp-jpg-600-None.webp

2023-06-24 18:29:33 /Users/Verano/Applications/MarkEditor/_cache/images/d3a6a47970eb3b3cdad9e9ba66ec71bd/webp-jpg-600-None.webp

2023-06-24 18:29:34 /Users/Verano/Applications/MarkEditor/_cache/images/db34858c37e4b357a63f7c94927b4d14/webp-jpg-600-None.webp

2023-06-24 18:29:40 /Users/Verano/Applications/MarkEditor/_cache/images/a2cd417100764d460b7781140768eccf/webp-jpg-600-None.webp

2023-06-24 18:29:41 /Users/Verano/Applications/MarkEditor/_cache/images/6d386336f5c4df42ab2e86f0438df058/webp-jpg-600-None.webp

2023-06-24 18:29:46 /Users/Verano/Applications/MarkEditor/_cache/images/e273431df82915ce316f59cef9fbada5/webp-jpg-600-None.webp

2023-06-24 18:29:47 /Users/Verano/Applications/MarkEditor/_cache/images/10403b6e051473e3718b4dacb140f257/webp-jpg-600-None.webp

2023-06-24 18:29:48 /Users/Verano/Applications/MarkEditor/_cache/images/a7273a7f81de2bac2dd8ddfb98e93e95/webp-jpg-600-None.webp

2023-06-24 18:29:49 /Users/Verano/Applications/MarkEditor/_cache/images/7ea265861dba676d2f6ea69102447de4/webp-jpg-600-None.webp

2023-06-24 18:29:52 /Users/Verano/Applications/MarkEditor/_cache/images/4af3fd89b2b5c7eecf823f567357065f/webp-jpg-600-None.webp

2023-06-24 18:29:54 /Users/Verano/Applications/MarkEditor/_cache/images/9006f78b9c8a251f99320f10cf6238aa/webp-jpg-600-None.webp

2023-06-24 18:29:55 /Users/Verano/Applications/MarkEditor/_cache/images/342dd7cb826eaa10a9d37bbe1b80d296/webp-jpg-600-None.webp

2023-06-24 18:29:57 /Users/Verano/Applications/MarkEditor/_cache/images/b22f6deb679cba51a5a3e2b2097d1f9c/webp-jpg-600-None.webp

2023-06-24 18:30:01 /Users/Verano/Applications/MarkEditor/_cache/images/e60934d81478d304e4a3716fa3ac5a14/webp-jpg-600-None.webp

2023-06-24 18:30:02 /Users/Verano/Applications/MarkEditor/_cache/images/0093a4e14fa435809b7a02ed19742e82/webp-jpg-600-None.webp

2023-06-24 18:30:03 /Users/Verano/Applications/MarkEditor/_cache/images/bb458d1e6fb600170b656ee39f4e2187/webp-jpg-600-None.webp

2023-06-24 18:30:04 /Users/Verano/Applications/MarkEditor/_cache/images/e1818a1d0e9c0d604d327ba26aa00c68/webp-jpg-600-None.webp

2023-06-24 18:30:06 /Users/Verano/Applications/MarkEditor/_cache/images/4245323cd3d962cf2579cc4ae3b4faf2/webp-jpg-600-None.webp

2023-06-24 18:30:07 /Users/Verano/Applications/MarkEditor/_cache/images/410c9430930f6f23d0975ed2935cb4b4/webp-jpg-600-None.webp

2023-06-24 18:30:09 /Users/Verano/Applications/MarkEditor/_cache/images/0590efbc7ef33c832859c77eb7c9be3e/webp-jpg-600-None.webp

2023-06-24 18:30:10 /Users/Verano/Applications/MarkEditor/_cache/images/ff5c04500ad03769457a506f63b8b160/webp-jpg-600-None.webp

2023-06-24 18:30:11 /Users/Verano/Applications/MarkEditor/_cache/images/a9822fd33a8f06d24289347e424adb3d/webp-jpg-600-None.webp

2023-06-24 18:30:13 /Users/Verano/Applications/MarkEditor/_cache/images/303b066c49fb763003bb59831c383677/webp-jpg-600-None.webp

2023-06-24 18:30:15 /Users/Verano/Applications/MarkEditor/_cache/images/43c5e49a60271b3a87651f1a6ce51e8b/webp-jpg-600-None.webp

2023-06-24 18:30:16 /Users/Verano/Applications/MarkEditor/_cache/images/b55ea25255e4c1d7a8b6dc71189bfc0c/webp-jpg-600-None.webp

2023-06-24 18:30:18 /Users/Verano/Applications/MarkEditor/_cache/images/fc66fea6a2fced546a274097fe48a0ae/webp-jpg-600-None.webp

2023-06-24 18:30:21 /Users/Verano/Applications/MarkEditor/_cache/images/fb56b89f046d845d167f03b4fbbd282e/webp-jpg-600-None.webp

2023-06-24 18:30:22 /Users/Verano/Applications/MarkEditor/_cache/images/cee43fab0d2f73afae4e15109e5e2bfc/webp-jpg-600-None.webp

2023-06-24 18:30:23 /Users/Verano/Applications/MarkEditor/_cache/images/88604a1fbf80ad2ed98389aac7e4d9b9/webp-jpg-600-None.webp

2023-06-24 18:30:24 /Users/Verano/Applications/MarkEditor/_cache/images/15ae24341770e20c5e15627c82fd28f3/webp-jpg-600-None.webp

2023-06-24 18:30:26 /Users/Verano/Applications/MarkEditor/_cache/images/92b0670409db87846289019fd01735aa/webp-jpg-600-None.webp

2023-06-24 18:30:27 /Users/Verano/Applications/MarkEditor/_cache/images/5f52295a3b6824f20492311124b4e52c/webp-jpg-600-None.webp

2023-06-24 18:30:29 /Users/Verano/Applications/MarkEditor/_cache/images/ff0f9814fcc1587795a56a3af7ccbfa5/webp-jpg-600-None.webp

2023-06-24 18:30:30 /Users/Verano/Applications/MarkEditor/_cache/images/96b6cdc93d41203b4f90da6cb19e19fb/webp-jpg-600-None.webp

2023-06-24 18:30:32 /Users/Verano/Applications/MarkEditor/_cache/images/b1a3342ec2ea4cc0429b1e3b74a56349/webp-jpg-600-None.webp

2023-06-24 18:30:33 /Users/Verano/Applications/MarkEditor/_cache/images/0b30ee4a37d47a1634407c6d7b7b49b0/webp-jpg-600-None.webp

2023-06-24 18:30:34 /Users/Verano/Applications/MarkEditor/_cache/images/9d2da90a71abdee22b23264fe26d267e/webp-jpg-600-None.webp

2023-06-24 18:30:35 /Users/Verano/Applications/MarkEditor/_cache/images/797a2ec10dc97045681daba65d28c589/webp-jpg-600-None.webp

2023-06-24 18:30:37 /Users/Verano/Applications/MarkEditor/_cache/images/d06dd4e0b14ae26a779ad50ba91683ff/webp-jpg-600-None.webp

2023-06-24 18:30:38 /Users/Verano/Applications/MarkEditor/_cache/images/92c051048df6d06ead480f60712e57a8/webp-jpg-600-None.webp

2023-06-24 18:30:41 /Users/Verano/Applications/MarkEditor/_cache/images/2f483b466f6c7f6e3014faca098b692b/webp-jpg-600-None.webp

2023-06-24 18:30:42 /Users/Verano/Applications/MarkEditor/_cache/images/8d6c04992b1dd3a9e7dd55561b2ba66d/webp-jpg-600-None.webp

2023-06-24 18:30:44 /Users/Verano/Applications/MarkEditor/_cache/images/9589f3580f8dea5f9ac01070a71e00a6/webp-jpg-600-None.webp

2023-06-24 18:30:45 /Users/Verano/Applications/MarkEditor/_cache/images/990711dc8d7dece5519bef1e1bd06d8b/webp-jpg-600-None.webp

2023-06-24 18:30:46 /Users/Verano/Applications/MarkEditor/_cache/images/22edc90153f792ef296dfc3411192d63/webp-jpg-600-None.webp

2023-06-24 18:30:48 /Users/Verano/Applications/MarkEditor/_cache/images/1ee1cd2ec7d958c06a32a56c7557174c/webp-jpg-600-None.webp

2023-06-24 18:30:49 /Users/Verano/Applications/MarkEditor/_cache/images/6bc63c6ebbc3f3cfa1004fab83107a3b/webp-jpg-600-None.webp

2023-06-24 18:30:50 /Users/Verano/Applications/MarkEditor/_cache/images/0ea407785b7b62895e8b0996d480c8f5/webp-jpg-600-None.webp

2023-06-24 18:30:52 /Users/Verano/Applications/MarkEditor/_cache/images/870f9774c6df7b535c8d4e6be2673ff8/webp-jpg-600-None.webp

2023-06-24 18:30:53 /Users/Verano/Applications/MarkEditor/_cache/images/e494e73f357c901745cbc0b05e11544a/webp-jpg-600-None.webp

2023-06-24 18:30:55 /Users/Verano/Applications/MarkEditor/_cache/images/8bd63eb0c044ca67ca8246a8aef7be6e/webp-jpg-600-None.webp

2023-06-24 18:30:56 /Users/Verano/Applications/MarkEditor/_cache/images/8c1363f574c514989db97cd0c57d9095/webp-jpg-600-None.webp

2023-06-24 18:30:58 /Users/Verano/Applications/MarkEditor/_cache/images/35570533135ccb2062ba95a7d0be5560/webp-jpg-600-None.webp

2023-06-24 18:30:59 /Users/Verano/Applications/MarkEditor/_cache/images/b06783c3238999a6949166b2b7b45b41/webp-jpg-600-None.webp

2023-06-24 18:31:01 /Users/Verano/Applications/MarkEditor/_cache/images/9ba69fd736e41432c816c626c94e54dc/webp-jpg-600-None.webp

2023-06-24 18:31:02 /Users/Verano/Applications/MarkEditor/_cache/images/b52a17f819a1bcdd1ff0ec97cdcd9e65/webp-jpg-600-None.webp

2023-06-24 18:31:03 /Users/Verano/Applications/MarkEditor/_cache/images/4e206e9667fcc2513febbeeb5d4b2aaa/webp-jpg-600-None.webp

2023-06-24 18:31:05 /Users/Verano/Applications/MarkEditor/_cache/images/30650978f6d64dd53952fedd89f80380/webp-jpg-600-None.webp

2023-06-24 18:31:06 /Users/Verano/Applications/MarkEditor/_cache/images/20537d5b9fc2a1b8020f141f7d8f4030/webp-jpg-600-None.webp

2023-06-24 18:31:07 /Users/Verano/Applications/MarkEditor/_cache/images/11b27df4c19bf1a35012ddd675ca0434/webp-jpg-600-None.webp

2023-06-24 18:31:09 /Users/Verano/Applications/MarkEditor/_cache/images/0d50a954dfb526f05c0bd993d286f565/webp-jpg-600-None.webp

2023-06-24 18:31:10 /Users/Verano/Applications/MarkEditor/_cache/images/64994fc865144eefbf9d7da6a3ee63f1/webp-jpg-600-None.webp

2023-06-24 18:31:11 /Users/Verano/Applications/MarkEditor/_cache/images/7358f1b98cd3c2a0ac1afda1defb9732/webp-jpg-600-None.webp

2023-06-24 18:31:13 /Users/Verano/Applications/MarkEditor/_cache/images/9ff82af913c1599601bb857c37e2c966/webp-jpg-600-None.webp

2023-06-24 18:31:14 /Users/Verano/Applications/MarkEditor/_cache/images/7af122db908f9f0fb5616cb8b3379410/webp-jpg-600-None.webp

2023-06-24 18:31:16 /Users/Verano/Applications/MarkEditor/_cache/images/30a0a676e4303df15e4a3ecf417d307d/webp-jpg-600-None.webp

2023-06-24 18:31:18 /Users/Verano/Applications/MarkEditor/_cache/images/7d2495bfe7eaaaf6a1295e97b6505753/webp-jpg-600-None.webp

2023-06-24 18:31:19 /Users/Verano/Applications/MarkEditor/_cache/images/9816d7b22406152fbb729e458e76d12c/webp-jpg-600-None.webp

2023-06-24 18:31:21 /Users/Verano/Applications/MarkEditor/_cache/images/3491926800cdb4ae1ea0354023142e49/webp-jpg-600-None.webp

2023-06-24 18:31:22 /Users/Verano/Applications/MarkEditor/_cache/images/38201eee98c61aaecd9af5b825bdda68/webp-jpg-600-None.webp

2023-06-24 18:31:23 /Users/Verano/Applications/MarkEditor/_cache/images/5d138f680329fe43249c67f42efc3eed/webp-jpg-600-None.webp

2023-06-24 18:31:25 /Users/Verano/Applications/MarkEditor/configs/sorts.json

2023-06-24 18:31:27 /Users/Verano/Applications/MarkEditor/_cache/images/401b4282e0d0c98a2975a6a71c98ba28/webp-jpg-1560-None.webp

2023-06-24 18:31:29 /Users/Verano/Applications/MarkEditor/_cache/images/d1a048b472007f7568e8e281e586e894/webp-jpg-1560-None.webp

2023-06-24 18:31:30 /Users/Verano/Applications/MarkEditor/_cache/images/21e13f8cb2d48d521bcfa96031780749/webp-jpg-1560-None.webp

2023-06-24 18:31:32 /Users/Verano/Applications/MarkEditor/_cache/images/2a428adad9956a2f6903de071335f9a4/webp-jpg-1560-None.webp

2023-06-24 18:31:33 /Users/Verano/Applications/MarkEditor/_cache/images/8ab872b966879fa412e63a86f740e05e/webp-jpg-1560-None.webp

2023-06-24 18:31:35 /Users/Verano/Applications/MarkEditor/_cache/images/0cb60a5c6ec980d9a0696bca5629cf5b/webp-jpg-1560-None.webp

2023-06-24 18:31:36 /Users/Verano/Applications/MarkEditor/_cache/images/864766e8aab965ac27ac63991450e62e/webp-jpg-1560-None.webp

2023-06-24 18:31:37 /Users/Verano/Applications/MarkEditor/_cache/images/7291c24dbde8ab072a4c58ef0561f601/webp-jpg-1560-None.webp

2023-06-24 18:31:39 /Users/Verano/Applications/MarkEditor/_cache/images/189db9c4ef92a87ec80db01e75d7fb41/webp-jpg-1560-None.webp

2023-06-24 18:31:40 /Users/Verano/Applications/MarkEditor/_cache/images/b1b4a8667e8c4c0ba528f1495286fe1c/webp-jpg-1560-None.webp

2023-06-24 18:31:42 /Users/Verano/Applications/MarkEditor/_cache/images/7f31869e5f9304c57a3d7c821788449c/webp-jpg-1560-None.webp

2023-06-24 18:31:42 /Users/Verano/Applications/MarkEditor/template/mixins.jade

2023-06-24 18:31:44 /Users/Verano/Applications/MarkEditor/_cache/images/401b4282e0d0c98a2975a6a71c98ba28/webp-jpg-600-None.webp

2023-06-24 18:31:45 /Users/Verano/Applications/MarkEditor/_cache/images/f0b5608036afafba89a33aebd19bf8e3/webp-jpg-600-None.webp

2023-06-24 18:31:46 /Users/Verano/Applications/MarkEditor/_cache/images/14e4b53d49c7b905c6a30444178f8846/webp-jpg-600-None.webp

2023-06-24 18:31:48 /Users/Verano/Applications/MarkEditor/_cache/images/2638eb199c854f0283728c2908e938ea/webp-jpg-600-None.webp

2023-06-24 18:31:49 /Users/Verano/Applications/MarkEditor/_cache/images/5b7cdbb3ef9afffee7b52faf002d295e/webp-jpg-600-None.webp

2023-06-24 18:31:51 /Users/Verano/Applications/MarkEditor/_cache/images/351360262f6524862c6023ee856cf491/webp-jpg-600-None.webp

2023-06-24 18:31:52 /Users/Verano/Applications/MarkEditor/_cache/images/d9eaea80dda7d0c2490f998cfeb7f229/webp-jpg-600-None.webp

2023-06-24 18:31:55 /Users/Verano/Applications/MarkEditor/_cache/images/d1a048b472007f7568e8e281e586e894/webp-jpg-600-None.webp

2023-06-24 18:31:56 /Users/Verano/Applications/MarkEditor/_cache/images/6c5c5dabf77ae382e38d1806c5e32df8/webp-jpg-600-None.webp

2023-06-24 18:31:58 /Users/Verano/Applications/MarkEditor/_cache/images/c583e16d6c0e3dc90d9db5ee69f19039/webp-jpg-600-None.webp

2023-06-24 18:32:00 /Users/Verano/Applications/MarkEditor/_cache/images/cb816721cdfae276ad5fdd04e3251b67/webp-jpg-600-None.webp

2023-06-24 18:32:01 /Users/Verano/Applications/MarkEditor/_cache/images/b263c220cd5c23318cba43d713138e5b/webp-jpg-600-None.webp

2023-06-24 18:32:02 /Users/Verano/Applications/MarkEditor/_cache/images/c9123861a145b7ae2e25b7a4ee0b065d/webp-jpg-600-None.webp

2023-06-24 18:32:04 /Users/Verano/Applications/MarkEditor/_cache/images/da1762b4594f7f3ae67e7f78dd53d816/webp-jpg-600-None.webp

2023-06-24 18:32:05 /Users/Verano/Applications/MarkEditor/_cache/images/2c0cec74440ad1ff6a5d96b5b76caa65/webp-jpg-600-None.webp

2023-06-24 18:32:07 /Users/Verano/Applications/MarkEditor/_cache/images/4bc68fc538aa351700f22ea2ed6bc093/webp-jpg-600-None.webp

2023-06-24 18:32:08 /Users/Verano/Applications/MarkEditor/_cache/images/f045849849b07e243fb2531699f2bc4c/webp-jpg-600-None.webp

2023-06-24 18:32:09 /Users/Verano/Applications/MarkEditor/_cache/images/98d290aae74c7bae47af9dd6edd56512/webp-jpg-600-None.webp

2023-06-24 18:32:11 /Users/Verano/Applications/MarkEditor/_cache/images/5fce600faf7b03e77222687a8c341ca3/webp-jpg-600-None.webp

2023-06-24 18:32:12 /Users/Verano/Applications/MarkEditor/_cache/images/4c01fce8f2aafd2d917075bdb7219818/webp-jpg-600-None.webp

2023-06-24 18:32:13 /Users/Verano/Applications/MarkEditor/_cache/images/46b9e580de95d56e73488074898fd750/webp-jpg-600-None.webp

2023-06-24 18:32:15 /Users/Verano/Applications/MarkEditor/_cache/images/13edf7a64a5c2ac6bb6110224c031c2f/webp-jpg-600-None.webp

2023-06-24 18:32:17 /Users/Verano/Applications/MarkEditor/_cache/images/0299b4392a3cc0ec25f7c5913ce186a5/webp-jpg-600-None.webp

2023-06-24 18:32:19 /Users/Verano/Applications/MarkEditor/_cache/images/f08a79ccf23dbd5f874b167b758515fc/webp-jpg-600-None.webp

2023-06-24 18:32:21 /Users/Verano/Applications/MarkEditor/_cache/images/3125a36ed70e548498ed98d7bdc6f3aa/webp-jpg-600-None.webp

2023-06-24 18:32:22 /Users/Verano/Applications/MarkEditor/_cache/images/c4199131fdd0188812e1e7cc3e3a285e/webp-jpg-600-None.webp

2023-06-24 18:32:23 /Users/Verano/Applications/MarkEditor/_cache/images/c4199131fdd0188812e1e7cc3e3a285e/webp-jpg-1560-None.webp

2023-06-24 18:32:25 /Users/Verano/Applications/MarkEditor/_cache/images/630b64c22b77e4cd7822460e615b3324/webp-jpg-600-None.webp

2023-06-24 18:32:27 /Users/Verano/Applications/MarkEditor/_cache/images/0561f785681494269b2cb6a19c5fea18/webp-jpg-600-None.webp

2023-06-24 18:32:29 /Users/Verano/Applications/MarkEditor/_cache/images/340548a73bcc7dc9328e39d67f499cb4/webp-jpg-600-None.webp

2023-06-24 18:32:30 /Users/Verano/Applications/MarkEditor/_cache/images/151687ec75849c078870fdbc2fdfb8d3/webp-jpg-1560-None.webp

2023-06-24 18:32:30 /Users/Verano/Applications/MarkEditor/Verano/Life/Dear Diary/八月，北京.md

2023-06-24 18:32:37 /Users/Verano/Applications/MarkEditor/_cache/images/c38b3d6033f51c73488dc806eab4982d/webp-jpg-1560-None.webp

2023-06-24 18:32:38 /Users/Verano/Applications/MarkEditor/_cache/images/d9eaea80dda7d0c2490f998cfeb7f229/webp-jpg-1560-None.webp

2023-06-24 18:32:39 /Users/Verano/Applications/MarkEditor/_cache/images/d9f24fa8d658682b44e301d99c856cb0/webp-jpg-600-None.webp

2023-06-24 18:32:40 /Users/Verano/Applications/MarkEditor/_cache/images/7547e13715b0dee5c14e48fe70ac1a2f/webp-jpg-600-None.webp

2023-06-24 18:32:41 /Users/Verano/Applications/MarkEditor/_cache/images/7547e13715b0dee5c14e48fe70ac1a2f/webp-jpg-1560-None.webp

2023-06-24 18:32:42 /Users/Verano/Applications/MarkEditor/_cache/images/d9f24fa8d658682b44e301d99c856cb0/webp-jpg-1560-None.webp

2023-06-24 18:32:43 /Users/Verano/Applications/MarkEditor/_cache/images/53b5f789a4cde47f106720274a53201f/webp-jpg-600-None.webp

2023-06-24 18:32:45 /Users/Verano/Applications/MarkEditor/_cache/images/53b5f789a4cde47f106720274a53201f/webp-jpg-1560-None.webp

2023-06-24 18:32:47 /Users/Verano/Applications/MarkEditor/_cache/images/53b5f789a4cde47f106720274a53201f/jpg-600-None.jpg

2023-06-24 18:32:48 /Users/Verano/Applications/MarkEditor/_cache/images/d9f24fa8d658682b44e301d99c856cb0/jpg-600-None.jpg

2023-06-24 18:32:49 /Users/Verano/Applications/MarkEditor/_cache/images/151687ec75849c078870fdbc2fdfb8d3/jpg-600-None.jpg

2023-06-24 18:32:51 /Users/Verano/Applications/MarkEditor/_cache/images/474779c010ac16aeba1016a377a9771e/webp-jpg-600-None.webp

2023-06-24 18:32:51 /Users/Verano/Applications/MarkEditor/Verano/Life/Dear Diary/趣味儿故事【更新中】.md

2023-06-24 18:32:52 /Users/Verano/Applications/MarkEditor/_cache/images/474779c010ac16aeba1016a377a9771e/jpg-600-None.jpg

2023-06-24 18:32:55 /Users/Verano/Applications/MarkEditor/_cache/images/474779c010ac16aeba1016a377a9771e/jpg-1560-None.jpg

2023-06-24 18:32:56 /Users/Verano/Applications/MarkEditor/_cache/images/53b5f789a4cde47f106720274a53201f/jpg-1560-None.jpg

2023-06-24 18:32:58 /Users/Verano/Applications/MarkEditor/_cache/images/5b7cdbb3ef9afffee7b52faf002d295e/jpg-1560-None.jpg

2023-06-24 18:33:00 /Users/Verano/Applications/MarkEditor/_cache/images/5b7cdbb3ef9afffee7b52faf002d295e/jpg-600-None.jpg

2023-06-24 18:33:01 /Users/Verano/Applications/MarkEditor/_cache/images/14e4b53d49c7b905c6a30444178f8846/jpg-1560-None.jpg

2023-06-24 18:33:05 /Users/Verano/Applications/MarkEditor/_cache/images/c4199131fdd0188812e1e7cc3e3a285e/png-600-None.png

2023-06-24 18:33:56 /Users/Verano/Applications/MarkEditor/nav.json

2023-06-24 18:33:56 /Users/Verano/Applications/MarkEditor/_data/visits.csv

2023-06-24 18:33:56 /Users/Verano/Applications/MarkEditor/_data/visits.csv

2023-06-24 18:33:57 /Users/Verano/Applications/MarkEditor/_data/visits.csv

2023-06-24 18:33:57 /Users/Verano/Applications/MarkEditor/_data/visits.csv

2023-06-24 18:33:57 /Users/Verano/Applications/MarkEditor/template2/archive.jade

2023-06-24 18:33:58 /Users/Verano/Applications/MarkEditor/template2/category+tag+search.jade

2023-06-24 18:33:58 /Users/Verano/Applications/MarkEditor/template2/icono.min.css

2023-06-24 18:33:58 /Users/Verano/Applications/MarkEditor/template2/indent.scss

2023-06-24 18:33:58 /Users/Verano/Applications/MarkEditor/template2/index.jade

2023-06-24 18:33:58 /Users/Verano/Applications/MarkEditor/template2/post.jade

2023-06-24 18:33:59 /Users/Verano/Applications/MarkEditor/template2/style.scss

2023-06-24 18:33:59 /Users/Verano/Applications/MarkEditor/template2/include/jquery-3.5.0.js

2023-06-24 18:33:59 /Users/Verano/Applications/MarkEditor/template2/include/password_form.jade

2023-06-24 18:33:59 /Users/Verano/Applications/MarkEditor/template2/include/show_content.jade

2023-06-24 18:34:00 /Users/Verano/Applications/MarkEditor/template2/show/forum.scss

2023-06-24 18:34:00 /Users/Verano/Applications/MarkEditor/template2/show/meme.scss

2023-06-24 18:34:00 /Users/Verano/Applications/MarkEditor/template2/show/meme_nadm.scss

2023-06-24 18:34:00 /Users/Verano/Applications/MarkEditor/template2/show/zhihu.scss

2023-06-24 18:34:00 /Users/Verano/Applications/MarkEditor/_comments/verano/life/play/春夏秋冬.csv

2023-06-24 18:34:01 /Users/Verano/Applications/MarkEditor/Verano/Life/Dear Diary/趣味儿故事【更新中】.md

2023-06-24 18:34:01 /Users/Verano/Applications/MarkEditor/template/static/Style.scss

2023-06-24 18:34:01 /Users/Verano/Applications/MarkEditor/_data/visits.csv

2023-06-24 18:34:01 /Users/Verano/Applications/MarkEditor/settings.json

2023-06-24 18:34:02 /Users/Verano/Applications/MarkEditor/template/post.jade

2023-06-24 18:34:02 /Users/Verano/Applications/MarkEditor/template/category+categories.jade

2023-06-24 18:34:02 /Users/Verano/Applications/MarkEditor/template/index.jade

2023-06-24 18:34:02 /Users/Verano/Applications/MarkEditor/template/base.jade

2023-06-24 18:34:02 /Users/Verano/Applications/MarkEditor/configs/render.json

2023-06-24 18:34:03 /Users/Verano/Applications/MarkEditor/template2/show/forum.jade

2023-06-24 18:34:03 /Users/Verano/Applications/MarkEditor/template2/show/meme.jade

2023-06-24 18:34:03 /Users/Verano/Applications/MarkEditor/template2/show/zhihu.jade

2023-06-24 18:34:03 /Users/Verano/Applications/MarkEditor/template/Embedded.jade

2023-06-24 18:34:03 records updated

